  mouches.c
c:\users\administrator\algorithm_fly\mouchesstatiques\demo\mouches.c(123): warning C4244: “=”: 从“double”转换到“float”，可能丢失数据
c:\users\administrator\algorithm_fly\mouchesstatiques\demo\mouches.c(129): warning C4244: “=”: 从“double”转换到“float”，可能丢失数据
c:\users\administrator\algorithm_fly\mouchesstatiques\demo\mouches.c(130): warning C4244: “=”: 从“double”转换到“float”，可能丢失数据
c:\users\administrator\algorithm_fly\mouchesstatiques\demo\mouches.c(171): warning C4244: “=”: 从“float”转换到“int”，可能丢失数据
c:\users\administrator\algorithm_fly\mouchesstatiques\demo\mouches.c(172): warning C4244: “=”: 从“float”转换到“int”，可能丢失数据
c:\users\administrator\algorithm_fly\mouchesstatiques\demo\mouches.c(173): warning C4244: “=”: 从“float”转换到“int”，可能丢失数据
c:\users\administrator\algorithm_fly\mouchesstatiques\demo\mouches.c(191): warning C4244: “=”: 从“float”转换到“int”，可能丢失数据
c:\users\administrator\algorithm_fly\mouchesstatiques\demo\mouches.c(194): warning C4244: “=”: 从“float”转换到“int”，可能丢失数据
c:\users\administrator\algorithm_fly\mouchesstatiques\demo\mouches.c(205): warning C4244: “=”: 从“float”转换到“int”，可能丢失数据
c:\users\administrator\algorithm_fly\mouchesstatiques\demo\mouches.c(208): warning C4244: “=”: 从“float”转换到“int”，可能丢失数据
c:\users\administrator\algorithm_fly\mouchesstatiques\demo\mouches.c(219): warning C4244: “=”: 从“float”转换到“int”，可能丢失数据
c:\users\administrator\algorithm_fly\mouchesstatiques\demo\mouches.c(222): warning C4244: “=”: 从“float”转换到“int”，可能丢失数据
c:\users\administrator\algorithm_fly\mouchesstatiques\demo\mouches.c(264): warning C4244: “=”: 从“double”转换到“float”，可能丢失数据
c:\users\administrator\algorithm_fly\mouchesstatiques\demo\mouches.c(265): warning C4244: “=”: 从“double”转换到“float”，可能丢失数据
c:\users\administrator\algorithm_fly\mouchesstatiques\demo\mouches.c(266): warning C4244: “=”: 从“double”转换到“float”，可能丢失数据
c:\users\administrator\algorithm_fly\mouchesstatiques\demo\mouches.c(267): warning C4244: “=”: 从“double”转换到“float”，可能丢失数据
c:\users\administrator\algorithm_fly\mouchesstatiques\demo\mouches.c(268): warning C4244: “=”: 从“double”转换到“float”，可能丢失数据
c:\users\administrator\algorithm_fly\mouchesstatiques\demo\mouches.c(271): warning C4244: “=”: 从“double”转换到“float”，可能丢失数据
c:\users\administrator\algorithm_fly\mouchesstatiques\demo\mouches.c(272): warning C4244: “=”: 从“double”转换到“float”，可能丢失数据
c:\users\administrator\algorithm_fly\mouchesstatiques\demo\mouches.c(273): warning C4244: “=”: 从“double”转换到“float”，可能丢失数据
c:\users\administrator\algorithm_fly\mouchesstatiques\demo\mouches.c(274): warning C4244: “=”: 从“double”转换到“float”，可能丢失数据
c:\users\administrator\algorithm_fly\mouchesstatiques\demo\mouches.c(275): warning C4244: “=”: 从“double”转换到“float”，可能丢失数据
c:\users\administrator\algorithm_fly\mouchesstatiques\demo\mouches.c(283): warning C4244: “=”: 从“double”转换到“float”，可能丢失数据
c:\users\administrator\algorithm_fly\mouchesstatiques\demo\mouches.c(285): warning C4244: “=”: 从“double”转换到“float”，可能丢失数据
c:\users\administrator\algorithm_fly\mouchesstatiques\demo\mouches.c(286): warning C4244: “=”: 从“double”转换到“float”，可能丢失数据
c:\users\administrator\algorithm_fly\mouchesstatiques\demo\mouches.c(294): warning C4244: “=”: 从“int”转换到“float”，可能丢失数据
c:\users\administrator\algorithm_fly\mouchesstatiques\demo\mouches.c(297): warning C4244: “=”: 从“int”转换到“float”，可能丢失数据
c:\users\administrator\algorithm_fly\mouchesstatiques\demo\mouches.c(300): warning C4244: “=”: 从“int”转换到“float”，可能丢失数据
c:\users\administrator\algorithm_fly\mouchesstatiques\demo\mouches.c(303): warning C4244: “=”: 从“int”转换到“float”，可能丢失数据
c:\users\administrator\algorithm_fly\mouchesstatiques\demo\mouches.c(375): warning C4244: “=”: 从“int”转换到“float”，可能丢失数据
c:\users\administrator\algorithm_fly\mouchesstatiques\demo\mouches.c(376): warning C4244: “=”: 从“int”转换到“float”，可能丢失数据
c:\users\administrator\algorithm_fly\mouchesstatiques\demo\mouches.c(377): warning C4244: “=”: 从“int”转换到“float”，可能丢失数据
c:\users\administrator\algorithm_fly\mouchesstatiques\demo\mouches.c(378): warning C4244: “=”: 从“int”转换到“float”，可能丢失数据
c:\users\administrator\algorithm_fly\mouchesstatiques\demo\mouches.c(379): warning C4244: “=”: 从“int”转换到“float”，可能丢失数据
c:\users\administrator\algorithm_fly\mouchesstatiques\demo\mouches.c(380): warning C4244: “=”: 从“int”转换到“float”，可能丢失数据
c:\users\administrator\algorithm_fly\mouchesstatiques\demo\mouches.c(381): warning C4244: “=”: 从“int”转换到“float”，可能丢失数据
c:\users\administrator\algorithm_fly\mouchesstatiques\demo\mouches.c(382): warning C4244: “=”: 从“int”转换到“float”，可能丢失数据
c:\users\administrator\algorithm_fly\mouchesstatiques\demo\mouches.c(383): warning C4244: “=”: 从“int”转换到“float”，可能丢失数据
c:\users\administrator\algorithm_fly\mouchesstatiques\demo\mouches.c(384): warning C4244: “=”: 从“int”转换到“float”，可能丢失数据
c:\users\administrator\algorithm_fly\mouchesstatiques\demo\mouches.c(385): warning C4244: “=”: 从“int”转换到“float”，可能丢失数据
c:\users\administrator\algorithm_fly\mouchesstatiques\demo\mouches.c(386): warning C4244: “=”: 从“int”转换到“float”，可能丢失数据
c:\users\administrator\algorithm_fly\mouchesstatiques\demo\mouches.c(387): warning C4244: “=”: 从“int”转换到“float”，可能丢失数据
c:\users\administrator\algorithm_fly\mouchesstatiques\demo\mouches.c(388): warning C4244: “=”: 从“int”转换到“float”，可能丢失数据
c:\users\administrator\algorithm_fly\mouchesstatiques\demo\mouches.c(389): warning C4244: “=”: 从“int”转换到“float”，可能丢失数据
c:\users\administrator\algorithm_fly\mouchesstatiques\demo\mouches.c(391): warning C4244: “=”: 从“int”转换到“float”，可能丢失数据
c:\users\administrator\algorithm_fly\mouchesstatiques\demo\mouches.c(392): warning C4244: “=”: 从“int”转换到“float”，可能丢失数据
c:\users\administrator\algorithm_fly\mouchesstatiques\demo\mouches.c(393): warning C4244: “=”: 从“int”转换到“float”，可能丢失数据
c:\users\administrator\algorithm_fly\mouchesstatiques\demo\mouches.c(394): warning C4244: “=”: 从“int”转换到“float”，可能丢失数据
c:\users\administrator\algorithm_fly\mouchesstatiques\demo\mouches.c(395): warning C4244: “=”: 从“int”转换到“float”，可能丢失数据
c:\users\administrator\algorithm_fly\mouchesstatiques\demo\mouches.c(396): warning C4244: “=”: 从“int”转换到“float”，可能丢失数据
c:\users\administrator\algorithm_fly\mouchesstatiques\demo\mouches.c(397): warning C4244: “=”: 从“int”转换到“float”，可能丢失数据
c:\users\administrator\algorithm_fly\mouchesstatiques\demo\mouches.c(398): warning C4244: “=”: 从“int”转换到“float”，可能丢失数据
c:\users\administrator\algorithm_fly\mouchesstatiques\demo\mouches.c(399): warning C4244: “=”: 从“int”转换到“float”，可能丢失数据
c:\users\administrator\algorithm_fly\mouchesstatiques\demo\mouches.c(400): warning C4244: “=”: 从“int”转换到“float”，可能丢失数据
c:\users\administrator\algorithm_fly\mouchesstatiques\demo\mouches.c(402): warning C4244: “=”: 从“double”转换到“float”，可能丢失数据
c:\users\administrator\algorithm_fly\mouchesstatiques\demo\mouches.c(412): warning C4244: “=”: 从“double”转换到“float”，可能丢失数据
c:\users\administrator\algorithm_fly\mouchesstatiques\demo\mouches.c(413): warning C4244: “=”: 从“double”转换到“float”，可能丢失数据
c:\users\administrator\algorithm_fly\mouchesstatiques\demo\mouches.c(423): warning C4244: “=”: 从“int”转换到“float”，可能丢失数据
c:\users\administrator\algorithm_fly\mouchesstatiques\demo\mouches.c(424): warning C4244: “=”: 从“int”转换到“float”，可能丢失数据
c:\users\administrator\algorithm_fly\mouchesstatiques\demo\mouches.c(425): warning C4244: “=”: 从“int”转换到“float”，可能丢失数据
c:\users\administrator\algorithm_fly\mouchesstatiques\demo\mouches.c(426): warning C4244: “=”: 从“int”转换到“float”，可能丢失数据
c:\users\administrator\algorithm_fly\mouchesstatiques\demo\mouches.c(427): warning C4244: “=”: 从“int”转换到“float”，可能丢失数据
c:\users\administrator\algorithm_fly\mouchesstatiques\demo\mouches.c(428): warning C4244: “=”: 从“int”转换到“float”，可能丢失数据
c:\users\administrator\algorithm_fly\mouchesstatiques\demo\mouches.c(429): warning C4244: “=”: 从“int”转换到“float”，可能丢失数据
c:\users\administrator\algorithm_fly\mouchesstatiques\demo\mouches.c(430): warning C4244: “=”: 从“int”转换到“float”，可能丢失数据
c:\users\administrator\algorithm_fly\mouchesstatiques\demo\mouches.c(431): warning C4244: “=”: 从“int”转换到“float”，可能丢失数据
c:\users\administrator\algorithm_fly\mouchesstatiques\demo\mouches.c(432): warning C4244: “=”: 从“int”转换到“float”，可能丢失数据
c:\users\administrator\algorithm_fly\mouchesstatiques\demo\mouches.c(433): warning C4244: “=”: 从“int”转换到“float”，可能丢失数据
c:\users\administrator\algorithm_fly\mouchesstatiques\demo\mouches.c(434): warning C4244: “=”: 从“int”转换到“float”，可能丢失数据
c:\users\administrator\algorithm_fly\mouchesstatiques\demo\mouches.c(435): warning C4244: “=”: 从“int”转换到“float”，可能丢失数据
c:\users\administrator\algorithm_fly\mouchesstatiques\demo\mouches.c(436): warning C4244: “=”: 从“int”转换到“float”，可能丢失数据
c:\users\administrator\algorithm_fly\mouchesstatiques\demo\mouches.c(437): warning C4244: “=”: 从“int”转换到“float”，可能丢失数据
c:\users\administrator\algorithm_fly\mouchesstatiques\demo\mouches.c(438): warning C4244: “=”: 从“double”转换到“float”，可能丢失数据
c:\users\administrator\algorithm_fly\mouchesstatiques\demo\mouches.c(445): warning C4244: “=”: 从“double”转换到“float”，可能丢失数据
c:\users\administrator\algorithm_fly\mouchesstatiques\demo\mouches.c(446): warning C4244: “=”: 从“double”转换到“float”，可能丢失数据
c:\users\administrator\algorithm_fly\mouchesstatiques\demo\mouches.c(479): warning C4244: “=”: 从“double”转换到“float”，可能丢失数据
c:\users\administrator\algorithm_fly\mouchesstatiques\demo\mouches.c(481): warning C4244: “=”: 从“double”转换到“float”，可能丢失数据
c:\users\administrator\algorithm_fly\mouchesstatiques\demo\mouches.c(482): warning C4244: “=”: 从“double”转换到“float”，可能丢失数据
c:\users\administrator\algorithm_fly\mouchesstatiques\demo\mouches.c(499): warning C4244: “=”: 从“double”转换到“float”，可能丢失数据
c:\users\administrator\algorithm_fly\mouchesstatiques\demo\mouches.c(500): warning C4244: “=”: 从“double”转换到“float”，可能丢失数据
c:\users\administrator\algorithm_fly\mouchesstatiques\demo\mouches.c(501): warning C4244: “=”: 从“double”转换到“float”，可能丢失数据
c:\users\administrator\algorithm_fly\mouchesstatiques\demo\mouches.c(520): warning C4244: “=”: 从“double”转换到“float”，可能丢失数据
c:\users\administrator\algorithm_fly\mouchesstatiques\demo\mouches.c(521): warning C4244: “=”: 从“double”转换到“float”，可能丢失数据
c:\users\administrator\algorithm_fly\mouchesstatiques\demo\mouches.c(513): warning C4101: “denom”: 未引用的局部变量
c:\users\administrator\algorithm_fly\mouchesstatiques\demo\mouches.c(538): warning C4244: “=”: 从“double”转换到“float”，可能丢失数据
c:\users\administrator\algorithm_fly\mouchesstatiques\demo\mouches.c(539): warning C4244: “=”: 从“double”转换到“float”，可能丢失数据
c:\users\administrator\algorithm_fly\mouchesstatiques\demo\mouches.c(552): warning C4244: “=”: 从“int”转换到“float”，可能丢失数据
c:\users\administrator\algorithm_fly\mouchesstatiques\demo\mouches.c(553): warning C4244: “=”: 从“int”转换到“float”，可能丢失数据
c:\users\administrator\algorithm_fly\mouchesstatiques\demo\mouches.c(554): warning C4244: “=”: 从“int”转换到“float”，可能丢失数据
c:\users\administrator\algorithm_fly\mouchesstatiques\demo\mouches.c(555): warning C4244: “=”: 从“int”转换到“float”，可能丢失数据
c:\users\administrator\algorithm_fly\mouchesstatiques\demo\mouches.c(556): warning C4244: “=”: 从“int”转换到“float”，可能丢失数据
c:\users\administrator\algorithm_fly\mouchesstatiques\demo\mouches.c(557): warning C4244: “=”: 从“int”转换到“float”，可能丢失数据
c:\users\administrator\algorithm_fly\mouchesstatiques\demo\mouches.c(558): warning C4244: “=”: 从“int”转换到“float”，可能丢失数据
c:\users\administrator\algorithm_fly\mouchesstatiques\demo\mouches.c(559): warning C4244: “=”: 从“int”转换到“float”，可能丢失数据
c:\users\administrator\algorithm_fly\mouchesstatiques\demo\mouches.c(560): warning C4244: “=”: 从“int”转换到“float”，可能丢失数据
c:\users\administrator\algorithm_fly\mouchesstatiques\demo\mouches.c(743): error C2057: 应输入常量表达式
c:\users\administrator\algorithm_fly\mouchesstatiques\demo\mouches.c(743): error C2466: 不能分配常量大小为 0 的数组
c:\users\administrator\algorithm_fly\mouchesstatiques\demo\mouches.c(743): error C2133: “B”: 未知的大小
c:\users\administrator\algorithm_fly\mouchesstatiques\demo\mouches.c(820): warning C4244: “=”: 从“int”转换到“float”，可能丢失数据
c:\users\administrator\algorithm_fly\mouchesstatiques\demo\mouches.c(831): warning C4244: “=”: 从“int”转换到“float”，可能丢失数据
c:\users\administrator\algorithm_fly\mouchesstatiques\demo\mouches.c(834): warning C4244: “=”: 从“double”转换到“float”，可能丢失数据
c:\users\administrator\algorithm_fly\mouchesstatiques\demo\mouches.c(835): warning C4244: “=”: 从“double”转换到“float”，可能丢失数据
c:\users\administrator\algorithm_fly\mouchesstatiques\demo\mouches.c(886): warning C4244: “=”: 从“double”转换到“float”，可能丢失数据
